Log file open, 09/16/19 15:08:28
LogWindows: Failed to load 'aqProf.dll' (GetLastError=126)
LogWindows: File 'aqProf.dll' does not exist
LogWindows: Failed to load 'VSPerf140.dll' (GetLastError=126)
LogWindows: File 'VSPerf140.dll' does not exist
LogWindows: Failed to load 'VtuneApi.dll' (GetLastError=126)
LogWindows: File 'VtuneApi.dll' does not exist
LogWindows: Failed to load 'VtuneApi32e.dll' (GetLastError=126)
LogWindows: File 'VtuneApi32e.dll' does not exist
LogInit: Display: Running engine for game: DemoCornholeJoel
LogPlatformFile: Not using cached read wrapper
LogInit: Display: RandInit(-2031310838) SRandInit(-2031310838).
LogTaskGraph: Started task graph with 5 named threads and 14 total threads with 3 sets of task threads.
LogStats: Stats thread started at 0.241306
LogD3D11RHI: Aftermath initialized
LogPluginManager: Mounting plugin Paper2D
LogPluginManager: Mounting plugin LightPropagationVolume
LogPluginManager: Mounting plugin CodeLiteSourceCodeAccess
LogPluginManager: Mounting plugin GitSourceControl
LogPluginManager: Mounting plugin KDevelopSourceCodeAccess
LogPluginManager: Mounting plugin NullSourceCodeAccess
LogPluginManager: Mounting plugin PerforceSourceControl
LogPluginManager: Mounting plugin SubversionSourceControl
LogPluginManager: Mounting plugin UObjectPlugin
LogPluginManager: Mounting plugin VisualStudioSourceCodeAccess
LogPluginManager: Mounting plugin XCodeSourceCodeAccess
LogPluginManager: Mounting plugin AssetManagerEditor
LogPluginManager: Mounting plugin AudioCapture
LogPluginManager: Mounting plugin FacialAnimation
LogPluginManager: Mounting plugin GameplayTagsEditor
LogPluginManager: Mounting plugin MobileLauncherProfileWizard
LogPluginManager: Mounting plugin PluginBrowser
LogPluginManager: Mounting plugin SpeedTreeImporter
LogPluginManager: Mounting plugin AlembicImporter
LogPluginManager: Mounting plugin CharacterAI
LogPluginManager: Mounting plugin HTML5Networking
LogPluginManager: Mounting plugin AndroidMedia
LogPluginManager: Mounting plugin AvfMedia
LogPluginManager: Mounting plugin MediaPlayerEditor
LogPluginManager: Mounting plugin WmfMedia
LogPluginManager: Mounting plugin TcpMessaging
LogPluginManager: Mounting plugin UdpMessaging
LogPluginManager: Mounting plugin LevelSequenceEditor
LogPluginManager: Mounting plugin MatineeToLevelSequence
LogPluginManager: Mounting plugin OnlineSubsystemGooglePlay
LogPluginManager: Mounting plugin OnlineSubsystemIOS
LogPluginManager: Mounting plugin OnlineSubsystem
LogPluginManager: Mounting plugin OnlineSubsystemNull
LogPluginManager: Mounting plugin OnlineSubsystemUtils
LogPluginManager: Mounting plugin AndroidDeviceProfileSelector
LogPluginManager: Mounting plugin AndroidMoviePlayer
LogPluginManager: Mounting plugin AndroidPermission
LogPluginManager: Mounting plugin AppleMoviePlayer
LogPluginManager: Mounting plugin ArchVisCharacter
LogPluginManager: Mounting plugin CableComponent
LogPluginManager: Mounting plugin CustomMeshComponent
LogPluginManager: Mounting plugin ExampleDeviceProfileSelector
LogPluginManager: Mounting plugin GoogleCloudMessaging
LogPluginManager: Mounting plugin ImmediatePhysics
LogPluginManager: Mounting plugin IOSDeviceProfileSelector
LogPluginManager: Mounting plugin LinuxDeviceProfileSelector
LogPluginManager: Mounting plugin LocationServicesBPLibrary
LogPluginManager: Mounting plugin MobilePatchingUtils
LogPluginManager: Mounting plugin OculusVR
LogPluginManager: Mounting plugin PhysXVehicles
LogPluginManager: Mounting plugin ProceduralMeshComponent
LogPluginManager: Mounting plugin RuntimePhysXCooking
LogPluginManager: Mounting plugin SteamVR
LogPluginManager: Mounting plugin WindowsMoviePlayer
LogInit: Using libcurl 7.47.1
LogInit:  - built for x86_64-pc-win32
LogInit:  - supports SSL with OpenSSL/1.0.2g
LogInit:  - supports HTTP deflate (compression) using libz 1.2.8
LogInit:  - other features:
LogInit:      CURL_VERSION_SSL
LogInit:      CURL_VERSION_LIBZ
LogInit:      CURL_VERSION_IPV6
LogInit:      CURL_VERSION_ASYNCHDNS
LogInit:      CURL_VERSION_LARGEFILE
LogInit:      CURL_VERSION_IDN
LogInit:  CurlRequestOptions (configurable via config and command line):
LogInit:  - bVerifyPeer = false  - Libcurl will NOT verify peer certificate
LogInit:  - bUseHttpProxy = false  - Libcurl will NOT use HTTP proxy
LogInit:  - bDontReuseConnections = false  - Libcurl will reuse connections
LogInit:  - CertBundlePath = nullptr  - Libcurl will use whatever was configured at build time.
LogInit: Build: ++UE4+Release-4.17-CL-3658906
LogInit: Engine Version: 4.17.2-3658906+++UE4+Release-4.17
LogInit: Compatible Engine Version: 4.17.0-3573198+++UE4+Release-4.17
LogInit: Net CL: 3573198
LogDevObjectVersion: Number of dev versions registered: 16
LogDevObjectVersion:   Dev-Blueprints (B0D832E4-1F89-4F0D-ACCF-7EB736FD4AA2): 10
LogDevObjectVersion:   Dev-Build (E1C64328-A22C-4D53-A36C-8E866417BD8C): 0
LogDevObjectVersion:   Dev-Core (375EC13C-06E4-48FB-B500-84F0262A717E): 2
LogDevObjectVersion:   Dev-Editor (E4B068ED-F494-42E9-A231-DA0B2E46BB41): 20
LogDevObjectVersion:   Dev-Framework (CFFC743F-43B0-4480-9391-14DF171D2073): 28
LogDevObjectVersion:   Dev-Mobile (B02B49B5-BB20-44E9-A304-32B752E40360): 0
LogDevObjectVersion:   Dev-Networking (A4E4105C-59A1-49B5-A7C5-40C4547EDFEE): 0
LogDevObjectVersion:   Dev-Online (39C831C9-5AE6-47DC-9A44-9C173E1C8E7C): 0
LogDevObjectVersion:   Dev-Physics (78F01B33-EBEA-4F98-B9B4-84EACCB95AA2): 0
LogDevObjectVersion:   Dev-Platform (6631380F-2D4D-43E0-8009-CF276956A95A): 0
LogDevObjectVersion:   Dev-Rendering (12F88B9F-8875-4AFC-A67C-D90C383ABD29): 19
LogDevObjectVersion:   Dev-Sequencer (7B5AE74C-D270-4C10-A958-57980B212A5A): 4
LogDevObjectVersion:   Dev-VR (D7296918-1DD6-4BDD-9DE2-64A83CC13884): 0
LogDevObjectVersion:   Dev-LoadTimes (C2A15278-BFE7-4AFE-6C17-90FF531DF755): 1
LogDevObjectVersion:   Private-Geometry (6EACA3D4-40EC-4CC1-B786-8BED09428FC5): 1
LogDevObjectVersion:   Dev-AnimPhys (29E575DD-E0A3-4627-9D10-D276232CDCEA): 7
LogInit: Compiled (64-bit): Sep 22 2017 13:47:16
LogInit: Compiled with Visual C++: 19.00.24215.01
LogInit: Build Configuration: Development
LogInit: Branch Name: ++UE4+Release-4.17
LogInit: Command line:  
LogInit: Base directory: C:/Program Files/Epic Games/UE_4.17/Engine/Binaries/Win64/
LogInit: Installed Engine Build: 1
LogInit: Presizing for max 8388607 objects, including 0 objects not considered by GC, pre-allocating 0 bytes for permanent pool.
LogInit: Object subsystem initialized
[2019.09.16-19.08.30:492][  0]LogInit: Selected Device Profile: [Windows]
[2019.09.16-19.08.30:492][  0]LogInit: Applying CVar settings loaded from the selected device profile: [Windows]
[2019.09.16-19.08.30:509][  0]LogInit: Computer: MT330D07
[2019.09.16-19.08.30:509][  0]LogInit: User: yates290
[2019.09.16-19.08.30:509][  0]LogInit: CPU Page size=4096, Cores=4
[2019.09.16-19.08.30:509][  0]LogInit: High frequency timer resolution =3.410077 MHz
[2019.09.16-19.08.30:509][  0]LogMemory: Memory total: Physical=15.9GB (16GB approx)
[2019.09.16-19.08.30:509][  0]LogMemory: Platform Memory Stats for Windows
[2019.09.16-19.08.30:509][  0]LogMemory: Process Physical Memory: 285.92 MB used, 285.92 MB peak
[2019.09.16-19.08.30:509][  0]LogMemory: Process Virtual Memory: 286.44 MB used, 286.44 MB peak
[2019.09.16-19.08.30:509][  0]LogMemory: Physical Memory: 9401.55 MB used,  6904.84 MB free, 16306.39 MB total
[2019.09.16-19.08.30:509][  0]LogMemory: Virtual Memory: 717.24 MB used,  6904.84 MB free, 134217728.00 MB total
[2019.09.16-19.08.31:133][  0]LogInit: Using OS detected language (en-US).
[2019.09.16-19.08.31:133][  0]LogInit: Using OS detected locale (en-US).
[2019.09.16-19.08.31:149][  0]LogTextLocalizationManager: No specific localization for 'en-US' exists, so the 'en' localization will be used.
[2019.09.16-19.08.32:400][  0]LogD3D11RHI: D3D11 adapters:
[2019.09.16-19.08.32:560][  0]LogD3D11RHI:    0. 'NVIDIA GeForce GTX 1080' (Feature Level 11_0)
[2019.09.16-19.08.32:560][  0]LogD3D11RHI:       8079/0/8153 MB DedicatedVideo/DedicatedSystem/SharedSystem, Outputs:2, VendorId:0x10de
[2019.09.16-19.08.32:563][  0]LogD3D11RHI:    1. 'Microsoft Basic Render Driver' (Feature Level 11_0)
[2019.09.16-19.08.32:563][  0]LogD3D11RHI:       0/0/8153 MB DedicatedVideo/DedicatedSystem/SharedSystem, Outputs:0, VendorId:0x1414
[2019.09.16-19.08.32:563][  0]LogD3D11RHI: Chosen D3D11 Adapter: 0
[2019.09.16-19.08.32:591][  0]LogD3D11RHI: Creating new Direct3DDevice
[2019.09.16-19.08.32:591][  0]LogD3D11RHI:     GPU DeviceId: 0x1b80 (for the marketing name, search the web for "GPU Device Id")
[2019.09.16-19.08.32:591][  0]LogWindows: EnumDisplayDevices:
[2019.09.16-19.08.32:591][  0]LogWindows:    0. 'NVIDIA GeForce GTX 1080' (P:1 D:1)
[2019.09.16-19.08.32:592][  0]LogWindows:    1. 'NVIDIA GeForce GTX 1080' (P:0 D:1)
[2019.09.16-19.08.32:592][  0]LogWindows:    2. 'NVIDIA GeForce GTX 1080' (P:0 D:0)
[2019.09.16-19.08.32:593][  0]LogWindows:    3. 'NVIDIA GeForce GTX 1080' (P:0 D:0)
[2019.09.16-19.08.32:593][  0]LogWindows: DebugString: FoundDriverCount:4 
[2019.09.16-19.08.32:593][  0]LogD3D11RHI:     Adapter Name: NVIDIA GeForce GTX 1080
[2019.09.16-19.08.32:593][  0]LogD3D11RHI:   Driver Version: 436.02 (internal:26.21.14.3602, unified:436.02)
[2019.09.16-19.08.32:593][  0]LogD3D11RHI:      Driver Date: 8-16-2019
[2019.09.16-19.08.32:593][  0]LogRHI: Texture pool is 1361 MB (70% of 1945 MB)
[2019.09.16-19.08.32:702][  0]LogD3D11RHI: Async texture creation enabled
[2019.09.16-19.08.32:718][  0]LogD3D11RHI: GPU Timing Frequency: 1000.000000 (Debug: 2 1)
[2019.09.16-19.08.32:763][  0]LogShaderCompilers: Guid format shader working directory is -12 characters bigger than the processId version (../../../../../../Users/Public/Public Projects/DemoCornholeJoel/Intermediate/Shaders/WorkingDirectory/262232/).
[2019.09.16-19.08.32:763][  0]LogShaderCompilers: Cleaned the shader compiler working directory 'C:/Users/yates.290/AppData/Local/Temp/42/UnrealShaderWorkingDir/CAB806E749A66BDC16330EB93A0FBB61/'.
[2019.09.16-19.08.32:763][  0]LogShaderCompilers: Display: Using Local Shader Compiler.
[2019.09.16-19.08.34:745][  0]LogTemp: Display: Loaded TP AllDesktopTargetPlatform
[2019.09.16-19.08.34:903][  0]LogTemp: Display: Loaded TP MacClientTargetPlatform
[2019.09.16-19.08.35:060][  0]LogTemp: Display: Loaded TP MacNoEditorTargetPlatform
[2019.09.16-19.08.35:220][  0]LogTemp: Display: Loaded TP MacServerTargetPlatform
[2019.09.16-19.08.35:381][  0]LogTemp: Display: Loaded TP MacTargetPlatform
[2019.09.16-19.08.35:541][  0]LogTemp: Display: Loaded TP WindowsClientTargetPlatform
[2019.09.16-19.08.35:703][  0]LogTemp: Display: Loaded TP WindowsNoEditorTargetPlatform
[2019.09.16-19.08.35:862][  0]LogTemp: Display: Loaded TP WindowsServerTargetPlatform
[2019.09.16-19.08.36:027][  0]LogTemp: Display: Loaded TP WindowsTargetPlatform
[2019.09.16-19.08.36:191][  0]LogTemp: Display: Loaded TP AndroidTargetPlatform
[2019.09.16-19.08.36:354][  0]LogTemp: Display: Loaded TP Android_ASTCTargetPlatform
[2019.09.16-19.08.36:511][  0]LogTemp: Display: Loaded TP Android_ATCTargetPlatform
[2019.09.16-19.08.36:670][  0]LogTemp: Display: Loaded TP Android_DXTTargetPlatform
[2019.09.16-19.08.36:831][  0]LogTemp: Display: Loaded TP Android_ETC1TargetPlatform
[2019.09.16-19.08.36:993][  0]LogTemp: Display: Loaded TP Android_ETC2TargetPlatform
[2019.09.16-19.08.37:312][  0]LogTemp: Display: Loaded TP Android_MultiTargetPlatform
[2019.09.16-19.08.37:312][  0]LogTemp: Display: Loaded TP Android_PVRTCTargetPlatform
[2019.09.16-19.08.37:457][  0]LogTemp: Display: Loaded TP HTML5TargetPlatform
[2019.09.16-19.08.37:733][  0]LogTemp: Display: Loaded TP IOSTargetPlatform
[2019.09.16-19.08.37:823][  0]LogTemp: Display: Loaded TP TVOSTargetPlatform
[2019.09.16-19.08.37:980][  0]LogTemp: Display: Loaded TP LinuxClientTargetPlatform
[2019.09.16-19.08.38:139][  0]LogTemp: Display: Loaded TP LinuxNoEditorTargetPlatform
[2019.09.16-19.08.38:297][  0]LogTemp: Display: Loaded TP LinuxServerTargetPlatform
[2019.09.16-19.08.38:450][  0]LogTemp: Display: Loaded TP LinuxTargetPlatform
[2019.09.16-19.08.38:450][  0]LogTargetPlatformManager: Display: Building Assets For Windows
[2019.09.16-19.08.40:206][  0]LogDerivedDataCache: Display: Max Cache Size: 512 MB
[2019.09.16-19.08.40:383][  0]LogDerivedDataCache: Loaded boot cache 0.18s 84MB C:/Users/yates.290/AppData/Local/UnrealEngine/4.17/DerivedDataCache/Boot.ddc.
[2019.09.16-19.08.40:383][  0]LogDerivedDataCache: Display: Loaded Boot cache: C:/Users/yates.290/AppData/Local/UnrealEngine/4.17/DerivedDataCache/Boot.ddc
[2019.09.16-19.08.40:384][  0]LogDerivedDataCache: FDerivedDataBackendGraph:  Pak pak cache file ../../../../../../Users/Public/Public Projects/DemoCornholeJoel/DerivedDataCache/DDC.ddp not found, will not use a pak cache.
[2019.09.16-19.08.40:384][  0]LogDerivedDataCache: Unable to find inner node Pak for hierarchical cache Hierarchy.
[2019.09.16-19.08.40:384][  0]LogDerivedDataCache: FDerivedDataBackendGraph:  CompressedPak pak cache file ../../../../../../Users/Public/Public Projects/DemoCornholeJoel/DerivedDataCache/Compressed.ddp not found, will not use a pak cache.
[2019.09.16-19.08.40:384][  0]LogDerivedDataCache: Unable to find inner node CompressedPak for hierarchical cache Hierarchy.
[2019.09.16-19.08.40:400][  0]LogDerivedDataCache: Display: Pak cache opened for reading ../../../Engine/DerivedDataCache/Compressed.ddp.
[2019.09.16-19.08.40:421][  0]LogDerivedDataCache: Using Local data cache path C:/Users/yates.290/AppData/Local/UnrealEngine/Common/DerivedDataCache: Writable
[2019.09.16-19.08.40:433][  0]LogMaterial: Verifying Global Shaders for PCD3D_SM5
[2019.09.16-19.08.40:433][  0]LogSlate: Using Freetype 2.6.0
[2019.09.16-19.08.40:438][  0]LogSlate: SlateFontCache - WITH_FREETYPE: 1, WITH_HARFBUZZ: 1
[2019.09.16-19.08.40:438][  0]LogSlate: SlateFontCache - WITH_FREETYPE: 1, WITH_HARFBUZZ: 1
[2019.09.16-19.08.40:836][  0]LogAssetRegistry: FAssetRegistry took 0.0268 seconds to start up
[2019.09.16-19.08.41:070][  0]LogInit: Selected Device Profile: [Windows]
[2019.09.16-19.08.41:338][  0]LogContentStreaming: Texture pool size is 0.00 MB
[2019.09.16-19.08.42:284][  0]LogSimplygon: Simplygon DLL not present - disabling.
[2019.09.16-19.08.42:440][  0]LogMeshReduction: Using SimplygonSwarm for distributed automatic mesh merging
[2019.09.16-19.08.42:440][  0]LogMeshReduction: Using QuadricMeshReduction for automatic static mesh reduction
[2019.09.16-19.08.42:440][  0]LogMeshReduction: No automatic skeletal mesh reduction module available
[2019.09.16-19.08.42:440][  0]LogMeshReduction: No automatic mesh merging module available
[2019.09.16-19.08.42:440][  0]LogMeshMerging: No automatic mesh merging module available
[2019.09.16-19.08.43:067][  0]LogNetVersion: DemoCornholeJoel , NetCL: 3573198, EngineNetVer: 2, GameNetVer: 0 (Checksum: 1296306758)
[2019.09.16-19.08.43:530][  0]LogPackageLocalizationCache: Processed 5 localized package path(s) for 2 prioritized culture(s) in 0.075902 seconds
[2019.09.16-19.08.43:537][  0]LogUObjectArray: 35825 objects as part of root set at end of initial load.
[2019.09.16-19.08.43:537][  0]LogUObjectAllocator: 7529112 out of 0 bytes used by permanent object pool.
[2019.09.16-19.08.43:537][  0]LogUObjectArray: CloseDisregardForGC: 0/0 objects in disregard for GC pool
[2019.09.16-19.08.43:770][  0]LogInit: WinSock: version 1.1 (2.2), MaxSocks=32767, MaxUdp=65467
[2019.09.16-19.08.50:562][  0]LogTcpMessaging: Initializing TcpMessaging bridge
[2019.09.16-19.08.50:686][  0]LogUdpMessaging: Initializing bridge on interface 0.0.0.0:0 to multicast group 230.0.0.1:6666.
[2019.09.16-19.08.52:789][  0]LogMaterial: Uniform references updated for custom material expression Custom.
[2019.09.16-19.08.54:054][  0]SourceControl: Source control is disabled
[2019.09.16-19.08.54:054][  0]SourceControl: Source control is disabled
[2019.09.16-19.08.54:234][  0]SourceControl: Source control is disabled
[2019.09.16-19.08.54:414][  0]SourceControl: Source control is disabled
[2019.09.16-19.08.56:505][  0]LogAndroidPermission: UAndroidPermissionCallbackProxy::GetInstance
[2019.09.16-19.08.57:371][  0]LogOcInput: OculusInput pre-init called
[2019.09.16-19.08.58:189][  0]LogEngine: Initializing Engine...
[2019.09.16-19.08.58:191][  0]LogHMD: Oculus plugin initialized. Version: 4.17.2-3658906+++UE4+Release-4.17, OVRPlugin: 1.15.0
[2019.09.16-19.08.58:207][  0]LogMaterial: Missing cached shader map for material LevelColorationLitMaterial, compiling. Is special engine material.
[2019.09.16-19.08.58:803][  0]LogMaterial: Missing cached shader map for material LevelColorationUnlitMaterial, compiling. Is special engine material.
[2019.09.16-19.08.59:086][  0]LogMaterial: Missing cached shader map for material MAT_LevelColorationLitLightmapUV, compiling. Is special engine material.
[2019.09.16-19.09.00:128][  0]LogMaterial: Missing cached shader map for material ShadedLevelColorationLitMaterial, compiling. Is special engine material.
[2019.09.16-19.09.01:294][  0]LogMaterial: Missing cached shader map for material ShadedLevelColorationUnlitMateri, compiling. Is special engine material.
[2019.09.16-19.09.01:640][  0]LogMaterial: Missing cached shader map for material VertexColorMaterial, compiling. 
[2019.09.16-19.09.01:834][  0]LogMaterial: Missing cached shader map for material VertexColorViewMode_ColorOnly, compiling. 
[2019.09.16-19.09.01:883][  0]LogMaterial: Missing cached shader map for material VertexColorViewMode_AlphaAsColor, compiling. 
[2019.09.16-19.09.01:931][  0]LogMaterial: Missing cached shader map for material VertexColorViewMode_RedOnly, compiling. 
[2019.09.16-19.09.01:971][  0]LogMaterial: Missing cached shader map for material VertexColorViewMode_GreenOnly, compiling. 
[2019.09.16-19.09.02:014][  0]LogMaterial: Missing cached shader map for material VertexColorViewMode_BlueOnly, compiling. 
[2019.09.16-19.09.02:060][  0]LogMaterial: Missing cached shader map for material RemoveSurfaceMaterial, compiling. 
[2019.09.16-19.09.02:083][  0]LogMaterial: Missing cached shader map for material DebugMeshMaterial, compiling. 
[2019.09.16-19.09.02:143][  0]LogMaterial: Missing cached shader map for material M_InvalidLightmapSettings, compiling. 
[2019.09.16-19.09.02:217][  0]LogMaterial: Missing cached shader map for material GizmoMaterial, compiling. 
[2019.09.16-19.09.02:240][  0]LogMaterial: Missing cached shader map for material PhAT_JointLimitMaterial, compiling. 
[2019.09.16-19.09.02:272][  0]LogMaterial: Missing cached shader map for material GeomMaterial, compiling. 
[2019.09.16-19.09.02:305][  0]LogMaterial: Missing cached shader map for material EditorBrushMaterial, compiling. 
[2019.09.16-19.09.02:338][  0]LogMaterial: Missing cached shader map for material BoneWeightMaterial, compiling. 
[2019.09.16-19.09.02:488][  0]LogMaterial: Missing cached shader map for material ClothMaterial, compiling. 
[2019.09.16-19.09.02:523][  0]LogMaterial: Missing cached shader map for material ClothMaterial_WF, compiling. 
[2019.09.16-19.09.02:568][  0]LogMaterial: Missing cached shader map for material DebugEditorMaterial, compiling. 
[2019.09.16-19.09.02:606][  0]LogMaterial: Missing cached shader map for material PreviewShadowIndicatorMaterial, compiling. 
[2019.09.16-19.09.02:813][  0]LogStats: UGameplayTagsManager::ConstructGameplayTagTree: Construct from data asset -  0.000 s
[2019.09.16-19.09.02:813][  0]LogStats: UGameplayTagsManager::ConstructGameplayTagTree: GameplayTagTreeChangedEvent.Broadcast -  0.000 s
[2019.09.16-19.09.03:457][  0]LogAIModule: Creating AISystem for world Untitled
[2019.09.16-19.09.03:499][  0]LogInit: XAudio2 using 'Speakers / Headphones (Realtek Audio)' : 2 channels at 48 kHz using 32 bits per sample (channel mask 0x3)
[2019.09.16-19.09.03:572][  0]LogInit: FAudioDevice initialized.
[2019.09.16-19.09.03:790][  0]LogDerivedDataCache: Saved boot cache 0.22s 87MB C:/Users/yates.290/AppData/Local/UnrealEngine/4.17/DerivedDataCache/Boot.ddc.
[2019.09.16-19.09.03:815][  0]LogInit: Texture streaming: Enabled
[2019.09.16-19.09.04:436][  0]LogEngineSessionManager: EngineSessionManager initialized
[2019.09.16-19.09.05:546][  0]LogInit: Transaction tracking system initialized
[2019.09.16-19.09.07:155][  0]BlueprintLog: New page: Editor Load
[2019.09.16-19.09.11:738][  0]LocalizationService: Localization service is disabled
[2019.09.16-19.09.15:198][  0]LogConsoleResponse: Display: 
[2019.09.16-19.09.15:338][  0]LogMaterial: Missing cached shader map for material Cross_Mat, compiling. 
[2019.09.16-19.09.15:386][  0]LogMaterial: Missing cached shader map for material PhAT_BoneSelectedMaterial, compiling. 
[2019.09.16-19.09.15:425][  0]LogMaterial: Missing cached shader map for material PhAT_ElemSelectedMaterial, compiling. 
[2019.09.16-19.09.15:466][  0]LogMaterial: Missing cached shader map for material PhAT_NoCollisionMaterial, compiling. 
[2019.09.16-19.09.15:500][  0]LogMaterial: Missing cached shader map for material PhAT_UnselectedMaterial, compiling. 
[2019.09.16-19.09.15:550][  0]LogMaterial: Missing cached shader map for material Tick_Mat, compiling. 
[2019.09.16-19.09.15:606][  0]LogMaterial: Missing cached shader map for material WidgetGridVertexColorMaterial_Ma, compiling. 
[2019.09.16-19.09.15:646][  0]LogMaterial: Missing cached shader map for material WidgetMaterial, compiling. 
[2019.09.16-19.09.15:685][  0]LogMaterial: Missing cached shader map for material WidgetMaterial_Current, compiling. 
[2019.09.16-19.09.15:723][  0]LogMaterial: Missing cached shader map for material WidgetMaterial_X, compiling. 
[2019.09.16-19.09.15:761][  0]LogMaterial: Missing cached shader map for material WidgetMaterial_Y, compiling. 
[2019.09.16-19.09.15:797][  0]LogMaterial: Missing cached shader map for material WidgetMaterial_Z, compiling. 
[2019.09.16-19.09.15:832][  0]LogMaterial: Missing cached shader map for material WidgetVertexColorMaterial, compiling. 
[2019.09.16-19.09.15:971][  0]LogMaterial: Missing cached shader map for material LevelGridMaterial, compiling. 
[2019.09.16-19.09.16:104][  0]LogMaterial: Missing cached shader map for material BlinkingCaret, compiling. 
[2019.09.16-19.09.16:203][  0]LogMaterial: Missing cached shader map for material M_StreamingPause, compiling. 
[2019.09.16-19.09.16:253][  0]LogCook: Display: Max memory allowance for cook 16384mb min free memory 0mb
[2019.09.16-19.09.16:253][  0]LogCook: Display: Mobile HDR setting 1
[2019.09.16-19.09.16:253][  0]LogGameplayTags: Display: UGameplayTagsManager::DoneAddingNativeTags. DelegateIsBound: 0
[2019.09.16-19.09.16:983][  0]LogFileCache: Scanning file cache for directory 'C:/Users/Public/Public Projects/DemoCornholeJoel/Content/' took 0.03s
[2019.09.16-19.09.21:571][  0]SourceControl: Source control is disabled
[2019.09.16-19.09.21:571][  0]Cmd: MAP LOAD FILE="../../../../../../Users/Public/Public Projects/DemoCornholeJoel/Content/VirtualRealityBP/Maps/StartupMap.umap" TEMPLATE=0 SHOWPROGRESS=1 FEATURELEVEL=3
[2019.09.16-19.09.21:572][  0]LightingResults: New page: Lighting Build
[2019.09.16-19.09.21:796][  0]MapCheck: New page: Map Check
[2019.09.16-19.09.21:797][  0]LightingResults: New page: Lighting Build
[2019.09.16-19.09.22:996][  0]LogLinker: Warning: Can't find file '/Game/Cornhole/Bench/None'
[2019.09.16-19.09.22:996][  0]LogLinker: Warning: Can't find file for asset '/Game/Cornhole/Bench/None' while loading ../../../../../../Users/Public/Public Projects/DemoCornholeJoel/Content/Cornhole/Bench/ParkBenchJoel.uasset.
[2019.09.16-19.09.22:996][  0]LoadErrors: Error: /Game/Cornhole/Bench/ParkBenchJoel : Can't find file for asset. /Game/Cornhole/Bench/None
[2019.09.16-19.09.23:010][  0]LogLinker: Warning: Can't find file '/Game/Cornhole/Bench/None'
[2019.09.16-19.09.23:010][  0]LogLinker: Warning: Can't find file for asset '/Game/Cornhole/Bench/None' while loading ../../../../../../Users/Public/Public Projects/DemoCornholeJoel/Content/Cornhole/Bench/ParkBenchJoel.uasset.
[2019.09.16-19.09.23:010][  0]LoadErrors: Error: /Game/Cornhole/Bench/ParkBenchJoel : Can't find file for asset. /Game/Cornhole/Bench/None
[2019.09.16-19.09.23:147][  0]LogLinker: Warning: Can't find file '/Game/Cornhole/Bench/None'
[2019.09.16-19.09.23:147][  0]LoadErrors: Failed to load /Game/Cornhole/Bench/None.Material_0 Referenced by ParkBenchJoel
[2019.09.16-19.09.23:147][  0]LogLinker: Warning: Can't find file for asset '/Game/Cornhole/Bench/None' while loading NULL.
[2019.09.16-19.09.23:147][  0]LoadErrors: Failed to load /Game/Cornhole/Bench/None.Material_0 Referenced by ParkBenchJoel
[2019.09.16-19.09.23:148][  0]LogLinker: Warning: Can't find file '/Game/Cornhole/Bench/None'
[2019.09.16-19.09.23:148][  0]LoadErrors: Failed to load /Game/Cornhole/Bench/None.Material_0 Referenced by ParkBenchJoel
[2019.09.16-19.09.23:148][  0]LogLinker: Warning: Can't find file for asset '/Game/Cornhole/Bench/None' while loading NULL.
[2019.09.16-19.09.23:148][  0]LoadErrors: Failed to load /Game/Cornhole/Bench/None.Material_0 Referenced by ParkBenchJoel
[2019.09.16-19.09.23:215][  0]LogMaterial: Missing cached shader map for material M_grass_Mat, compiling. 
[2019.09.16-19.09.23:250][  0]LogMaterial: Missing cached shader map for material M_grass_Mat, compiling. 
[2019.09.16-19.09.23:323][  0]LogMaterial: Missing cached shader map for material M_Sky_Panning_Clouds2, compiling. 
[2019.09.16-19.09.23:642][  0]LogMaterial: Missing cached shader map for material Bark, compiling. 
[2019.09.16-19.09.23:689][  0]LogMaterial: Missing cached shader map for material None_leaves_png, compiling. 
[2019.09.16-19.09.23:768][  0]LogMaterial: Missing cached shader map for material BushMaterial, compiling. 
[2019.09.16-19.09.23:922][  0]LogMaterial: Missing cached shader map for material None_rebar_metal2_brian_jpg, compiling. 
[2019.09.16-19.09.24:110][  0]LogAIModule: Creating AISystem for world StartupMap
[2019.09.16-19.09.24:243][  0]LogEditorServer: Finished looking for orphan Actors (0.000 secs)
[2019.09.16-19.09.24:312][  0]Cmd: MAP CHECKDEP NOCLEARLOG
[2019.09.16-19.09.24:556][  0]MapCheck: Map check complete: 0 Error(s), 0 Warning(s), took 243.339ms to complete.
[2019.09.16-19.09.24:556][  0]LogFileHelpers: Loading map 'StartupMap' took 2.985
[2019.09.16-19.09.24:912][  0]LogCollectionManager: Loaded 0 collections in 0.009356 seconds
[2019.09.16-19.09.25:171][  0]LogFileCache: Scanning file cache for directory 'C:/Users/Public/Public Projects/DemoCornholeJoel/Saved/Collections/' took 0.01s
[2019.09.16-19.09.25:171][  0]LogFileCache: Scanning file cache for directory 'C:/Users/Public/Public Projects/DemoCornholeJoel/Content/Developers/yates290/Collections/' took 0.01s
[2019.09.16-19.09.25:171][  0]LogFileCache: Scanning file cache for directory 'C:/Users/Public/Public Projects/DemoCornholeJoel/Content/Collections/' took 0.01s
[2019.09.16-19.09.25:171][  0]LogCollectionManager: Rebuilt the GUID cache for 0 collections in 0.000001 seconds
[2019.09.16-19.09.25:195][  0]LogContentBrowser: Native class hierarchy populated in 0.0237 seconds. Added 2386 classes and 500 folders.
[2019.09.16-19.09.25:529][  0]LogContentBrowser: Native class hierarchy updated for 'WidgetCarousel' in 0.0014 seconds. Added 0 classes and 0 folders.
[2019.09.16-19.09.25:707][  0]LogContentBrowser: Native class hierarchy updated for 'AddContentDialog' in 0.0012 seconds. Added 0 classes and 0 folders.
[2019.09.16-19.09.25:922][  0]LogContentBrowser: Native class hierarchy updated for 'SceneOutliner' in 0.0013 seconds. Added 1 classes and 2 folders.
[2019.09.16-19.09.25:997][  0]LogSlate: Took 0.004559 seconds to synchronously load lazily loaded font '../../../Engine/Content/Slate/Fonts/Roboto-Regular.ttf' (155K)
[2019.09.16-19.09.26:005][  0]LogSlate: Took 0.004828 seconds to synchronously load lazily loaded font '../../../Engine/Content/Slate/Fonts/Roboto-Bold.ttf' (160K)
[2019.09.16-19.09.26:016][  0]LogSlate: Took 0.000464 seconds to synchronously load lazily loaded font '../../../Engine/Content/Editor/Slate/Fonts/FontAwesome.ttf' (139K)
[2019.09.16-19.09.26:116][  0]LogMaterial: Missing cached shader map for material LevelGridMaterial2, compiling. 
[2019.09.16-19.09.26:262][  0]LogRenderer: Reallocating scene render targets to support 1616x808 Format 26 NumSamples 1 (Frame:1).
[2019.09.16-19.09.26:989][  0]LogContentBrowser: Native class hierarchy updated for 'HierarchicalLODOutliner' in 0.0018 seconds. Added 1 classes and 2 folders.
[2019.09.16-19.09.26:990][  0]LogLoad: (Engine Initialization) Total time: 60.90 seconds
[2019.09.16-19.09.26:990][  0]LogLoad: (Engine Initialization) Total Blueprint compile time: 0.00 seconds
[2019.09.16-19.09.26:990][  0]LogExternalProfiler: No external profilers were discovered.  External profiling features will not be available.
[2019.09.16-19.09.27:346][  0]LogOcInput: OculusInput is initialized
[2019.09.16-19.09.27:366][  0]LogContentStreaming: Texture pool size now 1000 MB
[2019.09.16-19.09.28:015][  2]LogAssetRegistry: Asset discovery search completed in 47.2006 seconds
[2019.09.16-19.09.28:019][  2]LogCollectionManager: Rebuilt the object cache for 0 collections in 0.000001 seconds (found 0 objects)
[2019.09.16-19.09.28:019][  2]LogCollectionManager: Fixed up redirectors for 0 collections in 0.000094 seconds (updated 0 objects)
[2019.09.16-19.10.00:692][100]LogSlate: Took 0.000365 seconds to synchronously load lazily loaded font '../../../Engine/Content/Slate/Fonts/Roboto-Light.ttf' (159K)
[2019.09.16-19.13.42:670][134]LogSlate: Took 0.000314 seconds to synchronously load lazily loaded font '../../../Engine/Content/Slate/Fonts/Roboto-Light.ttf' (159K)
[2019.09.16-19.13.43:078][134]LogMaterial: Missing cached shader map for material M_SkyBox, compiling. 
[2019.09.16-19.13.43:159][134]LogMaterial: Missing cached shader map for material GridMaterial, compiling. 
[2019.09.16-19.13.43:220][134]LogSlate: Took 0.000348 seconds to synchronously load lazily loaded font '../../../Engine/Content/Slate/Fonts/Roboto-Regular.ttf' (155K)
[2019.09.16-19.16.34:108][269]LogTexture: Display: Building textures: WoodPlanks01 (AutoDXT, 1024X1024)
[2019.09.16-19.16.34:312][269]LogContentBrowser: Native class hierarchy updated for 'TextureEditor' in 0.0008 seconds. Added 1 classes and 2 folders.
[2019.09.16-19.17.01:723][436]LogEditorViewport: Clicking on Actor (LMB): Landscape (Landscape)
[2019.09.16-19.17.09:708][243]LogEditorViewport: Clicking on Actor (LMB): StaticMeshActor (ParkBenchJoel)
[2019.09.16-19.17.10:193][249]LogEditorViewport: Clicking on Actor (LMB): StaticMeshActor (ParkBenchJoel)
[2019.09.16-19.17.30:614][444]LogMaterial: Missing cached shader map for material M_Wood_Oak, compiling. 
[2019.09.16-19.18.14:861][986]LogEditorViewport: Clicking on Actor (LMB): InstancedFoliageActor (InstancedFoliageActor)
[2019.09.16-19.18.18:666][406]LogEditorViewport: Clicking on Actor (LMB): BP_Sky_Sphere_C (BP_Sky_Sphere)
[2019.09.16-19.19.30:674][550]LogSavePackage: Save=337.26ms
[2019.09.16-19.19.30:674][550]LogSavePackage: Moving '../../../../../../Users/Public/Public Projects/DemoCornholeJoel/Saved/StartupMap_Auto1AD78D3BF41DB8BA5F3B288A62B990275.tmp' to '../../../../../../Users/Public/Public Projects/DemoCornholeJoel/Saved/Autosaves/Game/VirtualRealityBP/Maps/StartupMap_Auto1.umap'
[2019.09.16-19.19.30:677][550]LogSavePackage: Display: Finished SavePackage ../../../../../../Users/Public/Public Projects/DemoCornholeJoel/Saved/Autosaves/Game/VirtualRealityBP/Maps/StartupMap_Auto1.umap
[2019.09.16-19.19.30:681][550]LogFileHelpers: Editor autosave (incl. sublevels) for '/Game/VirtualRealityBP/Maps/StartupMap' took 0.378
[2019.09.16-19.19.30:681][550]LogFileHelpers: Editor autosave (incl. sublevels) for all levels took 0.378
[2019.09.16-19.19.31:849][656]LogMaterial: Missing cached shader map for material metal, compiling. 
[2019.09.16-19.19.35:133][880]LogSlate: Took 0.000271 seconds to synchronously load lazily loaded font '../../../Engine/Content/Slate/Fonts/Roboto-Light.ttf' (159K)
[2019.09.16-19.19.38:883][916]LogMaterial: Missing cached shader map for material light, compiling. 
[2019.09.16-19.20.02:754][162]LogLinker: Warning: Can't find file '/Game/Cornhole/Lamppost/light'
[2019.09.16-19.20.02:755][162]LogLinker: Warning: Can't find file for asset '/Game/Cornhole/Lamppost/light' while loading ../../../../../../Users/Public/Public Projects/DemoCornholeJoel/Content/Cornhole/Lamppost/lamppost_Noah2.uasset.
[2019.09.16-19.20.02:755][162]LoadErrors: Error: /Game/Cornhole/Lamppost/lamppost_Noah2 : Can't find file for asset. /Game/Cornhole/Lamppost/light
[2019.09.16-19.20.02:755][162]LogLinker: Warning: Can't find file '/Game/Cornhole/Lamppost/metal'
[2019.09.16-19.20.02:755][162]LogLinker: Warning: Can't find file for asset '/Game/Cornhole/Lamppost/metal' while loading ../../../../../../Users/Public/Public Projects/DemoCornholeJoel/Content/Cornhole/Lamppost/lamppost_Noah2.uasset.
[2019.09.16-19.20.02:755][162]LoadErrors: Error: /Game/Cornhole/Lamppost/lamppost_Noah2 : Can't find file for asset. /Game/Cornhole/Lamppost/metal
[2019.09.16-19.20.02:755][162]LogLinker: Warning: Can't find file '/Game/Cornhole/Lamppost/light'
[2019.09.16-19.20.02:755][162]LogLinker: Warning: Can't find file for asset '/Game/Cornhole/Lamppost/light' while loading ../../../../../../Users/Public/Public Projects/DemoCornholeJoel/Content/Cornhole/Lamppost/lamppost_Noah2.uasset.
[2019.09.16-19.20.02:756][162]LogLinker: Warning: Can't find file '/Game/Cornhole/Lamppost/metal'
[2019.09.16-19.20.02:756][162]LogLinker: Warning: Can't find file for asset '/Game/Cornhole/Lamppost/metal' while loading ../../../../../../Users/Public/Public Projects/DemoCornholeJoel/Content/Cornhole/Lamppost/lamppost_Noah2.uasset.
[2019.09.16-19.20.02:757][162]LogLinker: Warning: Can't find file '/Game/Cornhole/Lamppost/metal'
[2019.09.16-19.20.02:757][162]LoadErrors: Failed to load /Game/Cornhole/Lamppost/metal.metal Referenced by lamppost_Noah2
[2019.09.16-19.20.02:757][162]LogLinker: Warning: Can't find file for asset '/Game/Cornhole/Lamppost/metal' while loading NULL.
[2019.09.16-19.20.02:757][162]LogLinker: Warning: Can't find file '/Game/Cornhole/Lamppost/light'
[2019.09.16-19.20.02:757][162]LoadErrors: Failed to load /Game/Cornhole/Lamppost/light.light Referenced by lamppost_Noah2
[2019.09.16-19.20.02:757][162]LogLinker: Warning: Can't find file for asset '/Game/Cornhole/Lamppost/light' while loading NULL.
[2019.09.16-19.20.02:757][162]LogLinker: Warning: Can't find file '/Game/Cornhole/Lamppost/metal'
[2019.09.16-19.20.02:758][162]LogLinker: Warning: Can't find file for asset '/Game/Cornhole/Lamppost/metal' while loading NULL.
[2019.09.16-19.20.02:758][162]LogLinker: Warning: Can't find file '/Game/Cornhole/Lamppost/light'
[2019.09.16-19.20.02:758][162]LogLinker: Warning: Can't find file for asset '/Game/Cornhole/Lamppost/light' while loading NULL.
[2019.09.16-19.20.02:758][162]LogStaticMesh: Building static mesh lamppost_Noah2...
[2019.09.16-19.20.02:801][162]LogStaticMesh: Built static mesh [0.04s] /Game/Cornhole/Lamppost/lamppost_Noah2.lamppost_Noah2
[2019.09.16-19.20.02:888][162]LogActorFactory: Actor Factory created lamppost_Noah2
[2019.09.16-19.20.05:787][460]LogActorFactory: Actor Factory created lamppost_Noah2
[2019.09.16-19.20.39:631][105]Cmd: TRANSACTION UNDO
[2019.09.16-19.20.39:631][105]LogEditorTransaction: Undo Edit Properties
[2019.09.16-19.20.47:733][909]LogEditorViewport: Clicking on Actor (LMB): Landscape (Landscape)
[2019.09.16-19.21.11:637][526]LogEditorViewport: Clicking on Actor (LMB): StaticMeshActor (lamppost_Noah2)
[2019.09.16-19.21.33:661][882]LogEditorViewport: Clicking on Actor (LMB): BP_Sky_Sphere_C (BP_Sky_Sphere)
[2019.09.16-19.21.43:735][974]LogSlate: Took 0.012157 seconds to synchronously load lazily loaded font '../../../Engine/Content/Editor/Slate/Fonts/Roboto-Italic.ttf' (157K)
[2019.09.16-19.21.46:723][303]LogEditorViewport: Clicking on Actor (LMB): StaticMeshActor (lamppost_Noah2)
[2019.09.16-19.21.47:172][347]LogEditorViewport: Clicking on Actor (LMB): StaticMeshActor (lamppost_Noah2)
[2019.09.16-19.21.53:905][ 36]LogEditorViewport: Clicking on Actor (LMB): Landscape (Landscape)
[2019.09.16-19.21.54:428][ 88]LogEditorViewport: Clicking on Actor (LMB): BP_Sky_Sphere_C (BP_Sky_Sphere)
[2019.09.16-19.22.06:793][440]LogEditorViewport: Clicking on Actor (LMB): BP_Sky_Sphere_C (BP_Sky_Sphere)
[2019.09.16-19.22.33:857][296]LogActorFactory: Actor Factory created tree_joel
[2019.09.16-19.22.35:970][506]LogActorFactory: Actor Factory created tree_joel
[2019.09.16-19.22.36:941][597]LogActorFactory: Actor Factory created tree_joel
[2019.09.16-19.22.38:195][718]LogActorFactory: Actor Factory created tree_joel
[2019.09.16-19.22.45:374][473]LogEditorViewport: Clicking on Actor (LMB): Landscape (Landscape)
[2019.09.16-19.22.47:821][714]LogActorFactory: Actor Factory created tree_joel
[2019.09.16-19.22.50:543][980]LogActorFactory: Actor Factory created tree_joel
[2019.09.16-19.22.53:787][312]LogActorFactory: Actor Factory created tree_joel
[2019.09.16-19.22.54:249][357]LogActorFactory: Actor Factory created tree_joel
[2019.09.16-19.23.09:924][ 45]LogActorFactory: Actor Factory created tree_joel
[2019.09.16-19.23.12:767][325]LogActorFactory: Actor Factory created tree_joel
[2019.09.16-19.24.11:592][861]LogEditorViewport: Clicking on Actor (LMB): StaticMeshActor (tree_joel6)
[2019.09.16-19.24.18:398][598]LogEditorViewport: Clicking on Actor (LMB): Landscape (Landscape)
[2019.09.16-19.24.23:557][129]LogEditorViewport: Clicking on Actor (LMB): StaticMeshActor (tree_joel6)
[2019.09.16-19.24.28:205][645]LogEditorViewport: Clicking on Actor (LMB): Landscape (Landscape)
[2019.09.16-19.24.34:049][249]LogEditorViewport: Clicking on Actor (LMB): StaticMeshActor (tree_joel3)
[2019.09.16-19.24.41:655][ 51]LogEditorViewport: Clicking on Actor (LMB): Landscape (Landscape)
[2019.09.16-19.24.44:427][333]LogEditorViewport: Clicking on Actor (LMB): StaticMeshActor (tree_joel7)
[2019.09.16-19.24.49:055][836]LogEditorViewport: Clicking on Actor (LMB): Landscape (Landscape)
[2019.09.16-19.24.55:506][517]LogEditorViewport: Clicking on Actor (LMB): StaticMeshActor (tree_joel5)
[2019.09.16-19.24.58:001][791]LogEditorViewport: Clicking on Actor (LMB): Landscape (Landscape)
[2019.09.16-19.25.39:544][921]LogEditorViewport: Clicking on Actor (LMB): InstancedFoliageActor (InstancedFoliageActor)
[2019.09.16-19.25.43:843][369]LogEditorViewport: Clicking on Actor (LMB): InstancedFoliageActor (InstancedFoliageActor)
[2019.09.16-19.25.52:949][374]LogMaterial: Missing cached shader map for material FoliageBrushSphereMaterial, compiling. 
[2019.09.16-19.26.15:462][948]Cmd: TRANSACTION UNDO
[2019.09.16-19.26.15:462][948]LogEditorTransaction: Undo Foliage Editing
[2019.09.16-19.27.53:906][484]Cmd: TRANSACTION UNDO
[2019.09.16-19.27.53:906][484]LogEditorTransaction: Undo Foliage Editing
[2019.09.16-19.27.54:665][563]Cmd: TRANSACTION UNDO
[2019.09.16-19.27.54:665][563]LogEditorTransaction: Undo Foliage Editing
[2019.09.16-19.27.55:100][612]Cmd: TRANSACTION UNDO
[2019.09.16-19.27.55:100][612]LogEditorTransaction: Undo Foliage Editing
[2019.09.16-19.27.55:411][646]Cmd: TRANSACTION UNDO
[2019.09.16-19.27.55:411][646]LogEditorTransaction: Undo Foliage Editing
[2019.09.16-19.27.56:012][715]Cmd: TRANSACTION UNDO
[2019.09.16-19.27.56:012][715]LogEditorTransaction: Undo Foliage Editing
[2019.09.16-19.28.32:549][ 36]Cmd: TRANSACTION UNDO
[2019.09.16-19.28.32:549][ 36]LogEditorTransaction: Undo Foliage Editing
[2019.09.16-19.28.38:422][713]LogEditorViewport: Clicking on Actor (context menu): InstancedFoliageActor (InstancedFoliageActor)
[2019.09.16-19.28.39:355][811]LogEditorViewport: Clicking on Actor (LMB): Landscape (Landscape)
[2019.09.16-19.29.20:581][157]LogEditorViewport: Clicking on Actor (LMB): Landscape (Landscape)
[2019.09.16-19.29.21:030][194]LogEditorViewport: Clicking on Actor (LMB): InstancedFoliageActor (InstancedFoliageActor)
[2019.09.16-19.29.47:911][538]LogSavePackage: Save=278.38ms
[2019.09.16-19.29.47:911][538]LogSavePackage: Moving '../../../../../../Users/Public/Public Projects/DemoCornholeJoel/Saved/StartupMap_Auto25D2604814C5F068CD72675B9046395E4.tmp' to '../../../../../../Users/Public/Public Projects/DemoCornholeJoel/Saved/Autosaves/Game/VirtualRealityBP/Maps/StartupMap_Auto2.umap'
[2019.09.16-19.29.47:915][538]LogSavePackage: Display: Finished SavePackage ../../../../../../Users/Public/Public Projects/DemoCornholeJoel/Saved/Autosaves/Game/VirtualRealityBP/Maps/StartupMap_Auto2.umap
[2019.09.16-19.29.47:918][538]LogFileHelpers: Editor autosave (incl. sublevels) for '/Game/VirtualRealityBP/Maps/StartupMap' took 0.307
[2019.09.16-19.29.47:918][538]LogFileHelpers: Editor autosave (incl. sublevels) for all levels took 0.307
[2019.09.16-20.57.45:427][ 38]LogSavePackage: Save=279.90ms
[2019.09.16-20.57.45:427][ 38]LogSavePackage: Moving '../../../../../../Users/Public/Public Projects/DemoCornholeJoel/Saved/StartupMapFE39567D44649CED6F0B1E8FAE4A63B8.tmp' to '../../../../../../Users/Public/Public Projects/DemoCornholeJoel/Content/VirtualRealityBP/Maps/StartupMap.umap'
[2019.09.16-20.57.45:433][ 38]LogSavePackage: Display: Finished SavePackage ../../../../../../Users/Public/Public Projects/DemoCornholeJoel/Content/VirtualRealityBP/Maps/StartupMap.umap
[2019.09.16-20.57.45:553][ 38]LogSavePackage: Save=29.77ms
[2019.09.16-20.57.45:553][ 38]LogSavePackage: Moving '../../../../../../Users/Public/Public Projects/DemoCornholeJoel/Saved/StartupMap_BuiltData6A0A8F554F1A0D8BD0EFC8B767BFADCD.tmp' to '../../../../../../Users/Public/Public Projects/DemoCornholeJoel/Content/VirtualRealityBP/Maps/StartupMap_BuiltData.uasset'
[2019.09.16-20.57.45:557][ 38]LogSavePackage: Display: Finished SavePackage ../../../../../../Users/Public/Public Projects/DemoCornholeJoel/Content/VirtualRealityBP/Maps/StartupMap_BuiltData.uasset
[2019.09.16-20.57.47:175][180]Cmd: QUIT_EDITOR
[2019.09.16-20.57.47:232][180]LogWindowsTextInputMethodSystem: Display: IME system now deactivated.
[2019.09.16-20.57.47:281][180]LogExit: Preparing to exit.
[2019.09.16-20.57.48:022][180]LogDirectoryWatcher: A directory notification for 'C:/Users/Public/Public Projects/DemoCornholeJoel/Content/' was aborted.
[2019.09.16-20.57.48:199][180]LogExit: Editor shut down
[2019.09.16-20.57.48:257][180]LogExit: Transaction tracking system shut down
[2019.09.16-20.57.48:485][180]LogDirectoryWatcher: A directory notification for '../../../Engine/Content/' was aborted.
[2019.09.16-20.57.48:485][180]LogDirectoryWatcher: A directory notification for '../../../../../../Users/Public/Public Projects/DemoCornholeJoel/Content/' was aborted.
[2019.09.16-20.57.48:485][180]LogDirectoryWatcher: A directory notification for '../../../Engine/Plugins/2D/Paper2D/Content/' was aborted.
[2019.09.16-20.57.48:485][180]LogDirectoryWatcher: A directory notification for '../../../Engine/Plugins/Runtime/Oculus/OculusVR/Content/' was aborted.
[2019.09.16-20.57.48:485][180]LogDirectoryWatcher: A directory notification for '../../../Engine/Plugins/Runtime/Steam/SteamVR/Content/' was aborted.
[2019.09.16-20.57.48:869][180]LogExit: Object subsystem successfully closed.
[2019.09.16-20.57.48:952][180]LogD3D11RHI: Shutdown
[2019.09.16-20.57.48:952][180]LogD3D11RHI: CleanupD3DDevice
[2019.09.16-20.57.49:083][180]LogD3D11RHI: ~FD3D11DynamicRHI
[2019.09.16-20.57.49:141][180]LogModuleManager: Shutting down and abandoning module HierarchicalLODUtilities (536)
[2019.09.16-20.57.49:141][180]LogModuleManager: Shutting down and abandoning module TextureEditor (534)
[2019.09.16-20.57.49:141][180]LogModuleManager: Shutting down and abandoning module StaticMeshEditor (532)
[2019.09.16-20.57.49:142][180]LogModuleManager: Shutting down and abandoning module HierarchicalLODOutliner (530)
[2019.09.16-20.57.49:142][180]LogModuleManager: Shutting down and abandoning module SceneOutliner (528)
[2019.09.16-20.57.49:142][180]LogModuleManager: Shutting down and abandoning module AddContentDialog (526)
[2019.09.16-20.57.49:142][180]LogDirectoryWatcher: A directory notification for 'C:/Program Files/Epic Games/UE_4.17/FeaturePacks/' was aborted.
[2019.09.16-20.57.49:152][180]LogModuleManager: Shutting down and abandoning module WidgetCarousel (525)
[2019.09.16-20.57.49:152][180]LogModuleManager: Shutting down and abandoning module EditorWidgets (522)
[2019.09.16-20.57.49:152][180]LogModuleManager: Shutting down and abandoning module CollectionManager (520)
[2019.09.16-20.57.49:152][180]LogDirectoryWatcher: A directory notification for 'C:/Users/Public/Public Projects/DemoCornholeJoel/Content/Collections/' was aborted.
[2019.09.16-20.57.49:152][180]LogDirectoryWatcher: A directory notification for 'C:/Users/Public/Public Projects/DemoCornholeJoel/Content/Developers/yates290/Collections/' was aborted.
[2019.09.16-20.57.49:152][180]LogDirectoryWatcher: A directory notification for 'C:/Users/Public/Public Projects/DemoCornholeJoel/Saved/Collections/' was aborted.
[2019.09.16-20.57.49:152][180]LogModuleManager: Shutting down and abandoning module StatsViewer (518)
[2019.09.16-20.57.49:152][180]LogModuleManager: Shutting down and abandoning module FoliageEdit (516)
[2019.09.16-20.57.49:152][180]LogModuleManager: Shutting down and abandoning module LandscapeEditor (514)
[2019.09.16-20.57.49:153][180]LogModuleManager: Shutting down and abandoning module MeshPaintMode (512)
[2019.09.16-20.57.49:153][180]LogModuleManager: Shutting down and abandoning module SceneDepthPickerMode (510)
[2019.09.16-20.57.49:153][180]LogModuleManager: Shutting down and abandoning module ActorPickerMode (508)
[2019.09.16-20.57.49:153][180]LogModuleManager: Shutting down and abandoning module GeometryMode (506)
[2019.09.16-20.57.49:153][180]LogModuleManager: Shutting down and abandoning module TextureAlignMode (504)
[2019.09.16-20.57.49:153][180]LogModuleManager: Shutting down and abandoning module BspMode (502)
[2019.09.16-20.57.49:153][180]LogModuleManager: Shutting down and abandoning module PIEPreviewDeviceProfileSelector (500)
[2019.09.16-20.57.49:153][180]LogModuleManager: Shutting down and abandoning module HardwareSurvey (498)
[2019.09.16-20.57.49:153][180]LogModuleManager: Shutting down and abandoning module SequenceRecorderSections (496)
[2019.09.16-20.57.49:153][180]LogModuleManager: Shutting down and abandoning module AutomationWorker (494)
[2019.09.16-20.57.49:153][180]LogModuleManager: Shutting down and abandoning module MatineeToLevelSequence (492)
[2019.09.16-20.57.49:153][180]LogModuleManager: Shutting down and abandoning module LevelSequenceEditor (490)
[2019.09.16-20.57.49:153][180]LogModuleManager: Shutting down and abandoning module PlacementMode (489)
[2019.09.16-20.57.49:153][180]LogModuleManager: Shutting down and abandoning module WmfMediaFactory (486)
[2019.09.16-20.57.49:153][180]LogModuleManager: Shutting down and abandoning module WmfMediaEditor (484)
[2019.09.16-20.57.49:153][180]LogModuleManager: Shutting down and abandoning module AvfMediaFactory (482)
[2019.09.16-20.57.49:153][180]LogModuleManager: Shutting down and abandoning module AvfMediaEditor (480)
[2019.09.16-20.57.49:153][180]LogModuleManager: Shutting down and abandoning module AndroidMediaFactory (478)
[2019.09.16-20.57.49:153][180]LogModuleManager: Shutting down and abandoning module Media (477)
[2019.09.16-20.57.49:153][180]LogModuleManager: Shutting down and abandoning module AndroidMediaEditor (474)
[2019.09.16-20.57.49:153][180]LogModuleManager: Shutting down and abandoning module CharacterAI (472)
[2019.09.16-20.57.49:153][180]LogModuleManager: Shutting down and abandoning module AudioCapture (470)
[2019.09.16-20.57.49:153][180]LogModuleManager: Shutting down and abandoning module SequenceRecorder (469)
[2019.09.16-20.57.49:153][180]LogModuleManager: Shutting down and abandoning module SmartSnapping (466)
[2019.09.16-20.57.49:153][180]LogModuleManager: Shutting down and abandoning module SessionServices (464)
[2019.09.16-20.57.49:153][180]LogModuleManager: Shutting down and abandoning module ViewportSnapping (462)
[2019.09.16-20.57.49:154][180]LogModuleManager: Shutting down and abandoning module ViewportInteraction (460)
[2019.09.16-20.57.49:154][180]LogModuleManager: Shutting down and abandoning module ClothPainter (458)
[2019.09.16-20.57.49:154][180]LogModuleManager: Shutting down and abandoning module LogVisualizer (456)
[2019.09.16-20.57.49:154][180]LogModuleManager: Shutting down and abandoning module IntroTutorials (454)
[2019.09.16-20.57.49:154][180]LogModuleManager: Shutting down and abandoning module GameProjectGeneration (453)
[2019.09.16-20.57.49:154][180]LogModuleManager: Shutting down and abandoning module IOSPlatformEditor (450)
[2019.09.16-20.57.49:154][180]LogModuleManager: Shutting down and abandoning module HTML5PlatformEditor (448)
[2019.09.16-20.57.49:154][180]LogModuleManager: Shutting down and abandoning module AndroidPlatformEditor (446)
[2019.09.16-20.57.49:154][180]LogModuleManager: Shutting down and abandoning module AndroidDeviceDetection (445)
[2019.09.16-20.57.49:535][180]LogModuleManager: Shutting down and abandoning module WindowsPlatformEditor (442)
[2019.09.16-20.57.49:535][180]LogModuleManager: Shutting down and abandoning module IOSRuntimeSettings (440)
[2019.09.16-20.57.49:535][180]LogModuleManager: Shutting down and abandoning module AndroidRuntimeSettings (438)
[2019.09.16-20.57.49:535][180]LogModuleManager: Shutting down and abandoning module InputBindingEditor (436)
[2019.09.16-20.57.49:535][180]LogModuleManager: Shutting down and abandoning module MergeActors (434)
[2019.09.16-20.57.49:535][180]LogModuleManager: Shutting down and abandoning module SizeMap (432)
[2019.09.16-20.57.49:536][180]LogModuleManager: Shutting down and abandoning module TreeMap (430)
[2019.09.16-20.57.49:536][180]LogModuleManager: Shutting down and abandoning module ReferenceViewer (428)
[2019.09.16-20.57.49:536][180]LogModuleManager: Shutting down and abandoning module LocalizationDashboard (426)
[2019.09.16-20.57.49:536][180]LogModuleManager: Shutting down and abandoning module LocalizationService (425)
[2019.09.16-20.57.49:536][180]LogModuleManager: Shutting down and abandoning module HardwareTargeting (422)
[2019.09.16-20.57.49:536][180]LogModuleManager: Shutting down and abandoning module DeviceProfileEditor (420)
[2019.09.16-20.57.49:536][180]LogModuleManager: Shutting down and abandoning module UndoHistory (418)
[2019.09.16-20.57.49:536][180]LogModuleManager: Shutting down and abandoning module XmlParser (416)
[2019.09.16-20.57.49:536][180]LogModuleManager: Shutting down and abandoning module Blutility (414)
[2019.09.16-20.57.49:536][180]LogModuleManager: Shutting down and abandoning module ProjectSettingsViewer (412)
[2019.09.16-20.57.49:536][180]LogModuleManager: Shutting down and abandoning module ProjectTargetPlatformEditor (411)
[2019.09.16-20.57.49:537][180]LogModuleManager: Shutting down and abandoning module EditorSettingsViewer (408)
[2019.09.16-20.57.49:537][180]LogModuleManager: Shutting down and abandoning module SettingsEditor (406)
[2019.09.16-20.57.49:537][180]LogModuleManager: Shutting down and abandoning module ProjectLauncher (404)
[2019.09.16-20.57.49:537][180]LogModuleManager: Shutting down and abandoning module SessionFrontend (402)
[2019.09.16-20.57.49:537][180]LogModuleManager: Shutting down and abandoning module ProfilerClient (400)
[2019.09.16-20.57.49:537][180]LogModuleManager: Shutting down and abandoning module DeviceManager (398)
[2019.09.16-20.57.49:537][180]LogModuleManager: Shutting down and abandoning module TargetDeviceServices (397)
[2019.09.16-20.57.49:593][180]LogModuleManager: Shutting down and abandoning module AutomationController (394)
[2019.09.16-20.57.49:593][180]LogModuleManager: Shutting down and abandoning module AutomationWindow (392)
[2019.09.16-20.57.49:593][180]LogModuleManager: Shutting down and abandoning module Layers (390)
[2019.09.16-20.57.49:593][180]LogModuleManager: Shutting down and abandoning module ComponentVisualizers (388)
[2019.09.16-20.57.49:593][180]LogModuleManager: Shutting down and abandoning module DetailCustomizations (386)
[2019.09.16-20.57.49:593][180]LogModuleManager: Shutting down and abandoning module PackagesDialog (384)
[2019.09.16-20.57.49:593][180]LogModuleManager: Shutting down and abandoning module Persona (382)
[2019.09.16-20.57.49:594][180]LogModuleManager: Shutting down and abandoning module AdvancedPreviewScene (381)
[2019.09.16-20.57.49:594][180]LogModuleManager: Shutting down and abandoning module AnimGraph (379)
[2019.09.16-20.57.49:594][180]LogModuleManager: Shutting down and abandoning module Kismet (376)
[2019.09.16-20.57.49:595][180]LogModuleManager: Shutting down and abandoning module ClassViewer (374)
[2019.09.16-20.57.49:595][180]LogModuleManager: Shutting down and abandoning module Toolbox (372)
[2019.09.16-20.57.49:595][180]LogModuleManager: Shutting down and abandoning module ModuleUI (370)
[2019.09.16-20.57.49:595][180]LogModuleManager: Shutting down and abandoning module MovieSceneTools (368)
[2019.09.16-20.57.49:595][180]LogModuleManager: Shutting down and abandoning module OutputLog (366)
[2019.09.16-20.57.49:595][180]LogModuleManager: Shutting down and abandoning module GammaUI (364)
[2019.09.16-20.57.49:595][180]LogModuleManager: Shutting down and abandoning module Documentation (362)
[2019.09.16-20.57.49:596][180]LogModuleManager: Shutting down and abandoning module MovieSceneTracks (360)
[2019.09.16-20.57.49:596][180]LogModuleManager: Shutting down and abandoning module MovieScene (358)
[2019.09.16-20.57.49:596][180]LogModuleManager: Shutting down and abandoning module Niagara (356)
[2019.09.16-20.57.49:596][180]LogModuleManager: Shutting down and abandoning module NiagaraEditor (355)
[2019.09.16-20.57.49:596][180]LogModuleManager: Shutting down and abandoning module StreamingPauseRendering (352)
[2019.09.16-20.57.49:596][180]LogModuleManager: Shutting down and abandoning module LauncherPlatform (350)
[2019.09.16-20.57.49:596][180]LogModuleManager: Shutting down and abandoning module AnalyticsET (348)
[2019.09.16-20.57.49:596][180]LogModuleManager: Shutting down and abandoning module PortalServices (346)
[2019.09.16-20.57.49:596][180]LogModuleManager: Shutting down and abandoning module PortalRpc (344)
[2019.09.16-20.57.49:596][180]LogModuleManager: Shutting down and abandoning module MessagingRpc (342)
[2019.09.16-20.57.49:596][180]LogModuleManager: Shutting down and abandoning module AIModule (340)
[2019.09.16-20.57.49:596][180]LogModuleManager: Shutting down and abandoning module GameplayDebugger (339)
[2019.09.16-20.57.49:596][180]LogModuleManager: Shutting down and abandoning module AITestSuite (337)
[2019.09.16-20.57.49:596][180]LogModuleManager: Shutting down and abandoning module ProfilerService (334)
[2019.09.16-20.57.49:620][180]LogModuleManager: Shutting down and abandoning module TaskGraph (332)
[2019.09.16-20.57.49:620][180]LogModuleManager: Shutting down and abandoning module SteamVRController (330)
[2019.09.16-20.57.49:620][180]LogModuleManager: Shutting down and abandoning module ProceduralMeshComponentEditor (328)
[2019.09.16-20.57.49:620][180]LogModuleManager: Shutting down and abandoning module ProceduralMeshComponent (326)
[2019.09.16-20.57.49:620][180]LogModuleManager: Shutting down and abandoning module OculusInput (324)
[2019.09.16-20.57.49:620][180]LogModuleManager: Shutting down and abandoning module MobilePatchingUtils (322)
[2019.09.16-20.57.49:620][180]LogModuleManager: Shutting down and abandoning module CustomMeshComponent (320)
[2019.09.16-20.57.49:621][180]LogModuleManager: Shutting down and abandoning module CableComponent (318)
[2019.09.16-20.57.49:621][180]LogModuleManager: Shutting down and abandoning module ArchVisCharacter (316)
[2019.09.16-20.57.49:621][180]LogModuleManager: Shutting down and abandoning module AndroidPermission (314)
[2019.09.16-20.57.49:621][180]LogModuleManager: Shutting down and abandoning module MediaPlayerEditor (310)
[2019.09.16-20.57.49:621][180]LogModuleManager: Shutting down and abandoning module HTML5Networking (308)
[2019.09.16-20.57.49:621][180]LogModuleManager: Shutting down and abandoning module AlembicImporter (306)
[2019.09.16-20.57.49:621][180]LogModuleManager: Shutting down and abandoning module AlembicLibrary (305)
[2019.09.16-20.57.49:621][180]LogModuleManager: Shutting down and abandoning module GeometryCache (304)
[2019.09.16-20.57.49:621][180]LogModuleManager: Shutting down and abandoning module GeometryCacheEd (303)
[2019.09.16-20.57.49:621][180]LogModuleManager: Shutting down and abandoning module SpeedTreeImporter (298)
[2019.09.16-20.57.49:621][180]LogModuleManager: Shutting down and abandoning module PluginBrowser (296)
[2019.09.16-20.57.49:621][180]LogModuleManager: Shutting down and abandoning module MobileLauncherProfileWizard (294)
[2019.09.16-20.57.49:621][180]LogModuleManager: Shutting down and abandoning module VisualStudioSourceCodeAccess (292)
[2019.09.16-20.57.49:621][180]LogModuleManager: Shutting down and abandoning module DesktopPlatform (291)
[2019.09.16-20.57.49:621][180]LogModuleManager: Shutting down and abandoning module UObjectPlugin (288)
[2019.09.16-20.57.49:621][180]LogModuleManager: Shutting down and abandoning module SubversionSourceControl (286)
[2019.09.16-20.57.49:621][180]LogModuleManager: Shutting down and abandoning module PerforceSourceControl (284)
[2019.09.16-20.57.49:621][180]LogModuleManager: Shutting down and abandoning module GitSourceControl (282)
[2019.09.16-20.57.49:621][180]LogModuleManager: Shutting down and abandoning module SourceControl (281)
[2019.09.16-20.57.49:621][180]LogModuleManager: Shutting down and abandoning module LightPropagationVolumeEditor (278)
[2019.09.16-20.57.49:621][180]LogModuleManager: Shutting down and abandoning module PaperTiledImporter (276)
[2019.09.16-20.57.49:621][180]LogModuleManager: Shutting down and abandoning module PaperSpriteSheetImporter (274)
[2019.09.16-20.57.49:621][180]LogModuleManager: Shutting down and abandoning module Paper2DEditor (272)
[2019.09.16-20.57.49:622][180]LogModuleManager: Shutting down and abandoning module MeshPaint (271)
[2019.09.16-20.57.49:622][180]LogModuleManager: Shutting down and abandoning module LevelEditor (269)
[2019.09.16-20.57.49:624][180]LogModuleManager: Shutting down and abandoning module PixelInspectorModule (268)
[2019.09.16-20.57.49:624][180]LogModuleManager: Shutting down and abandoning module MainFrame (266)
[2019.09.16-20.57.49:624][180]LogModuleManager: Shutting down and abandoning module HotReload (265)
[2019.09.16-20.57.49:625][180]LogModuleManager: Shutting down and abandoning module RuntimePhysXCooking (260)
[2019.09.16-20.57.49:625][180]LogModuleManager: Shutting down and abandoning module PhysXVehiclesEditor (258)
[2019.09.16-20.57.49:625][180]LogModuleManager: Shutting down and abandoning module PhysXVehicles (256)
[2019.09.16-20.57.49:625][180]LogModuleManager: Shutting down and abandoning module OculusEditor (254)
[2019.09.16-20.57.49:625][180]LogModuleManager: Shutting down and abandoning module LocationServicesBPLibrary (252)
[2019.09.16-20.57.49:625][180]LogModuleManager: Shutting down and abandoning module ImmediatePhysicsEditor (250)
[2019.09.16-20.57.49:625][180]LogModuleManager: Shutting down and abandoning module ImmediatePhysics (248)
[2019.09.16-20.57.49:625][180]LogModuleManager: Shutting down and abandoning module UdpMessaging (246)
[2019.09.16-20.57.49:726][180]LogModuleManager: Shutting down and abandoning module TcpMessaging (244)
[2019.09.16-20.57.49:827][180]LogModuleManager: Shutting down and abandoning module GameplayTagsEditor (242)
[2019.09.16-20.57.49:827][180]LogModuleManager: Shutting down and abandoning module FacialAnimationEditor (240)
[2019.09.16-20.57.49:827][180]LogModuleManager: Shutting down and abandoning module FacialAnimation (238)
[2019.09.16-20.57.49:827][180]LogModuleManager: Shutting down and abandoning module AssetManagerEditor (236)
[2019.09.16-20.57.49:827][180]LogModuleManager: Shutting down and abandoning module GraphEditor (235)
[2019.09.16-20.57.49:827][180]LogModuleManager: Shutting down and abandoning module ContentBrowser (233)
[2019.09.16-20.57.49:831][180]LogModuleManager: Shutting down and abandoning module LightPropagationVolumeRuntime (230)
[2019.09.16-20.57.49:831][180]LogModuleManager: Shutting down and abandoning module Paper2D (228)
[2019.09.16-20.57.49:832][180]LogModuleManager: Shutting down and abandoning module WindowsMoviePlayer (226)
[2019.09.16-20.57.49:832][180]LogModuleManager: Shutting down and abandoning module WmfMedia (224)
[2019.09.16-20.57.49:832][180]LogModuleManager: Shutting down and abandoning module PacketHandler (222)
[2019.09.16-20.57.49:832][180]LogModuleManager: Shutting down and abandoning module ClothingSystemEditor (220)
[2019.09.16-20.57.49:832][180]LogModuleManager: Shutting down and abandoning module ClothingSystemRuntime (218)
[2019.09.16-20.57.49:832][180]LogModuleManager: Shutting down and abandoning module Overlay (216)
[2019.09.16-20.57.49:832][180]LogModuleManager: Shutting down and abandoning module OverlayEditor (215)
[2019.09.16-20.57.49:832][180]LogModuleManager: Shutting down and abandoning module MediaAssets (212)
[2019.09.16-20.57.49:832][180]LogModuleManager: Shutting down and abandoning module VREditor (210)
[2019.09.16-20.57.49:832][180]LogModuleManager: Shutting down and abandoning module StringTableEditor (208)
[2019.09.16-20.57.49:832][180]LogModuleManager: Shutting down and abandoning module GameplayTasksEditor (206)
[2019.09.16-20.57.49:832][180]LogModuleManager: Shutting down and abandoning module BehaviorTreeEditor (204)
[2019.09.16-20.57.49:832][180]LogModuleManager: Shutting down and abandoning module FunctionalTesting (202)
[2019.09.16-20.57.49:832][180]LogModuleManager: Shutting down and abandoning module CollisionAnalyzer (200)
[2019.09.16-20.57.49:832][180]LogModuleManager: Shutting down and abandoning module WorkspaceMenuStructure (199)
[2019.09.16-20.57.49:832][180]LogModuleManager: Shutting down and abandoning module UMG (196)
[2019.09.16-20.57.49:832][180]LogModuleManager: Shutting down and abandoning module UMGEditor (195)
[2019.09.16-20.57.49:833][180]LogModuleManager: Shutting down and abandoning module Sequencer (194)
[2019.09.16-20.57.49:833][180]LogModuleManager: Shutting down and abandoning module MessageLog (191)
[2019.09.16-20.57.49:833][180]LogModuleManager: Shutting down and abandoning module SlateReflector (186)
[2019.09.16-20.57.49:833][180]LogModuleManager: Shutting down and abandoning module Slate (184)
[2019.09.16-20.57.49:833][180]LogModuleManager: Shutting down and abandoning module EditorStyle (182)
[2019.09.16-20.57.49:839][180]LogModuleManager: Shutting down and abandoning module MRMesh (180)
[2019.09.16-20.57.49:839][180]LogModuleManager: Shutting down and abandoning module SourceCodeAccess (178)
[2019.09.16-20.57.49:839][180]LogModuleManager: Shutting down and abandoning module HeadMountedDisplay (176)
[2019.09.16-20.57.49:839][180]LogModuleManager: Shutting down and abandoning module XAudio2 (174)
[2019.09.16-20.57.49:839][180]LogModuleManager: Shutting down and abandoning module Networking (172)
[2019.09.16-20.57.49:839][180]LogModuleManager: Shutting down and abandoning module Core (168)
[2019.09.16-20.57.49:839][180]LogModuleManager: Shutting down and abandoning module KismetCompiler (164)
[2019.09.16-20.57.49:839][180]LogModuleManager: Shutting down and abandoning module LevelSequence (162)
[2019.09.16-20.57.49:839][180]LogModuleManager: Shutting down and abandoning module MeshUtilities (160)
[2019.09.16-20.57.49:839][180]LogModuleManager: Shutting down and abandoning module MeshMergeUtilities (159)
[2019.09.16-20.57.49:839][180]LogModuleManager: Shutting down and abandoning module MeshReductionInterface (158)
[2019.09.16-20.57.49:839][180]LogModuleManager: Shutting down and abandoning module SimplygonSwarm (157)
[2019.09.16-20.57.49:839][180]LogModuleManager: Shutting down and abandoning module SimplygonMeshReduction (155)
[2019.09.16-20.57.49:839][180]LogModuleManager: Shutting down and abandoning module QuadricMeshReduction (153)
[2019.09.16-20.57.49:839][180]LogModuleManager: Shutting down and abandoning module MaterialBaking (149)
[2019.09.16-20.57.49:839][180]LogModuleManager: Shutting down and abandoning module DirectoryWatcher (146)
[2019.09.16-20.57.49:848][180]LogModuleManager: Shutting down and abandoning module DerivedDataCache (144)
[2019.09.16-20.57.49:919][180]LogDerivedDataCache: Shutdown
[2019.09.16-20.57.49:919][180]LogModuleManager: Shutting down and abandoning module TargetPlatform (142)
[2019.09.16-20.57.49:920][180]LogModuleManager: Shutting down and abandoning module VulkanShaderFormat (141)
[2019.09.16-20.57.49:920][180]LogModuleManager: Shutting down and abandoning module ShaderFormatVectorVM (139)
[2019.09.16-20.57.49:920][180]LogModuleManager: Shutting down and abandoning module ShaderFormatOpenGL (137)
[2019.09.16-20.57.49:920][180]LogModuleManager: Shutting down and abandoning module ShaderFormatD3D (135)
[2019.09.16-20.57.49:920][180]LogModuleManager: Shutting down and abandoning module MetalShaderFormat (133)
[2019.09.16-20.57.49:920][180]LogModuleManager: Shutting down and abandoning module TextureFormatUncompressed (131)
[2019.09.16-20.57.49:920][180]LogModuleManager: Shutting down and abandoning module TextureFormatPVR (129)
[2019.09.16-20.57.49:920][180]LogModuleManager: Shutting down and abandoning module TextureFormatDXT (127)
[2019.09.16-20.57.49:920][180]LogModuleManager: Shutting down and abandoning module TextureFormatIntelISPCTexComp (125)
[2019.09.16-20.57.49:920][180]LogModuleManager: Shutting down and abandoning module TextureFormatASTC (123)
[2019.09.16-20.57.49:920][180]LogModuleManager: Shutting down and abandoning module ImageWrapper (122)
[2019.09.16-20.57.49:920][180]LogModuleManager: Shutting down and abandoning module TextureFormatAndroid (119)
[2019.09.16-20.57.49:920][180]LogModuleManager: Shutting down and abandoning module AudioFormatOpus (117)
[2019.09.16-20.57.49:921][180]LogModuleManager: Shutting down and abandoning module AudioFormatOgg (115)
[2019.09.16-20.57.49:921][180]LogModuleManager: Shutting down and abandoning module AudioFormatADPCM (113)
[2019.09.16-20.57.49:921][180]LogModuleManager: Shutting down and abandoning module LinuxTargetPlatform (111)
[2019.09.16-20.57.49:921][180]LogModuleManager: Shutting down and abandoning module LinuxServerTargetPlatform (109)
[2019.09.16-20.57.49:921][180]LogModuleManager: Shutting down and abandoning module LinuxNoEditorTargetPlatform (107)
[2019.09.16-20.57.49:921][180]LogModuleManager: Shutting down and abandoning module LinuxClientTargetPlatform (105)
[2019.09.16-20.57.49:921][180]LogModuleManager: Shutting down and abandoning module TVOSTargetPlatform (103)
[2019.09.16-20.57.49:921][180]LogModuleManager: Shutting down and abandoning module Messaging (101)
[2019.09.16-20.57.49:921][180]LogModuleManager: Shutting down and abandoning module IOSTargetPlatform (99)
[2019.09.16-20.57.49:921][180]LogModuleManager: Shutting down and abandoning module HTML5TargetPlatform (97)
[2019.09.16-20.57.49:921][180]LogModuleManager: Shutting down and abandoning module Android_PVRTCTargetPlatform (95)
[2019.09.16-20.57.49:921][180]LogModuleManager: Shutting down and abandoning module Android_MultiTargetPlatform (93)
[2019.09.16-20.57.49:921][180]LogModuleManager: Shutting down and abandoning module Android_ETC2TargetPlatform (91)
[2019.09.16-20.57.49:921][180]LogModuleManager: Shutting down and abandoning module Android_ETC1TargetPlatform (89)
[2019.09.16-20.57.49:922][180]LogModuleManager: Shutting down and abandoning module Android_DXTTargetPlatform (87)
[2019.09.16-20.57.49:922][180]LogModuleManager: Shutting down and abandoning module Android_ATCTargetPlatform (85)
[2019.09.16-20.57.49:922][180]LogModuleManager: Shutting down and abandoning module Android_ASTCTargetPlatform (83)
[2019.09.16-20.57.49:922][180]LogModuleManager: Shutting down and abandoning module AndroidTargetPlatform (81)
[2019.09.16-20.57.49:922][180]LogModuleManager: Shutting down and abandoning module WindowsTargetPlatform (79)
[2019.09.16-20.57.49:922][180]LogModuleManager: Shutting down and abandoning module WindowsServerTargetPlatform (77)
[2019.09.16-20.57.49:922][180]LogModuleManager: Shutting down and abandoning module WindowsNoEditorTargetPlatform (75)
[2019.09.16-20.57.49:922][180]LogModuleManager: Shutting down and abandoning module WindowsClientTargetPlatform (73)
[2019.09.16-20.57.49:922][180]LogModuleManager: Shutting down and abandoning module MacTargetPlatform (71)
[2019.09.16-20.57.49:922][180]LogModuleManager: Shutting down and abandoning module MacServerTargetPlatform (69)
[2019.09.16-20.57.49:922][180]LogModuleManager: Shutting down and abandoning module MacNoEditorTargetPlatform (67)
[2019.09.16-20.57.49:922][180]LogModuleManager: Shutting down and abandoning module MacClientTargetPlatform (65)
[2019.09.16-20.57.49:922][180]LogModuleManager: Shutting down and abandoning module AllDesktopTargetPlatform (63)
[2019.09.16-20.57.49:922][180]LogModuleManager: Shutting down and abandoning module InputCore (60)
[2019.09.16-20.57.49:922][180]LogModuleManager: Shutting down and abandoning module Settings (58)
[2019.09.16-20.57.49:922][180]LogModuleManager: Shutting down and abandoning module PhysXCooking (56)
[2019.09.16-20.57.49:922][180]LogModuleManager: Shutting down and abandoning module SteamVR (54)
[2019.09.16-20.57.49:922][180]LogModuleManager: Shutting down and abandoning module OculusHMD (52)
[2019.09.16-20.57.49:922][180]LogModuleManager: Shutting down and abandoning module ExampleDeviceProfileSelector (50)
[2019.09.16-20.57.49:922][180]LogModuleManager: Shutting down and abandoning module OnlineBlueprintSupport (48)
[2019.09.16-20.57.49:922][180]LogModuleManager: Shutting down and abandoning module OnlineSubsystem (44)
[2019.09.16-20.57.49:922][180]LogOnline: Display: Unloading online subsystem: NULL
[2019.09.16-20.57.49:922][180]LogModuleManager: Shutting down and abandoning module XMPP (43)
[2019.09.16-20.57.49:923][180]LogModuleManager: Shutting down and abandoning module HTTP (41)
[2019.09.16-20.57.49:923][180]LogHttp: Display: Http module shutting down, but needs to wait on 1 outstanding Http requests:
[2019.09.16-20.57.49:923][180]LogHttp: Display: 	verb=[POST] url=[https://datarouter.ol.epicgames.com/datarouter/api/v1/public/data?SessionID=%7B1951E781-41AD-4401-24A3-9F9C592C5207%7D&AppID=UEEditor.Rocket.Release&AppVersion=4.17.2-3658906%2B%2B%2BUE4%2BRelease-4.17&UserID=89a99b544d53304157df41ba731bf49c%7C%7C1924da02-10e0-41d5-93a8-c0b7d8bbb82f&AppEnvironment=datacollector-binary&UploadType=eteventstream] status=Processing
[2019.09.16-20.57.49:935][180]LogModuleManager: Shutting down and abandoning module SSL (40)
[2019.09.16-20.57.49:938][180]LogModuleManager: Shutting down and abandoning module AnimationModifiers (36)
[2019.09.16-20.57.49:938][180]LogModuleManager: Shutting down and abandoning module PropertyEditor (35)
[2019.09.16-20.57.49:938][180]LogModuleManager: Shutting down and abandoning module AudioEditor (32)
[2019.09.16-20.57.49:938][180]LogModuleManager: Shutting down and abandoning module TextureCompressor (30)
[2019.09.16-20.57.49:938][180]LogModuleManager: Shutting down and abandoning module ShaderCore (28)
[2019.09.16-20.57.49:938][180]LogModuleManager: Shutting down and abandoning module Landscape (26)
[2019.09.16-20.57.49:938][180]LogModuleManager: Shutting down and abandoning module SlateRHIRenderer (24)
[2019.09.16-20.57.49:947][180]LogModuleManager: Shutting down and abandoning module OpenGLDrv (22)
[2019.09.16-20.57.49:947][180]LogModuleManager: Shutting down and abandoning module D3D11RHI (20)
[2019.09.16-20.57.49:947][180]LogModuleManager: Shutting down and abandoning module AnimGraphRuntime (18)
[2019.09.16-20.57.49:947][180]LogModuleManager: Shutting down and abandoning module Renderer (16)
[2019.09.16-20.57.49:947][180]LogModuleManager: Shutting down and abandoning module Engine (14)
[2019.09.16-20.57.49:947][180]LogModuleManager: Shutting down and abandoning module CoreUObject (12)
[2019.09.16-20.57.49:947][180]LogModuleManager: Shutting down and abandoning module NetworkFile (10)
[2019.09.16-20.57.49:947][180]LogModuleManager: Shutting down and abandoning module CookedIterativeFile (8)
[2019.09.16-20.57.49:947][180]LogModuleManager: Shutting down and abandoning module StreamingFile (6)
[2019.09.16-20.57.49:947][180]LogModuleManager: Shutting down and abandoning module SandboxFile (4)
[2019.09.16-20.57.49:947][180]LogModuleManager: Shutting down and abandoning module PakFile (2)
[2019.09.16-20.57.49:951][180]LogExit: Exiting.
[2019.09.16-20.57.49:972][180]Log file closed, 09/16/19 16:57:49
